TN:
SF:config\auth.config.js
FNF:0
FNH:0
DA:1,1
LF:1
LH:1
BRF:0
BRH:0
end_of_record
TN:
SF:controller\auth.controller.js
FN:9,(anonymous_0)
FN:53,(anonymous_1)
FNF:2
FNH:0
FNDA:0,(anonymous_0)
FNDA:0,(anonymous_1)
DA:1,1
DA:2,1
DA:3,1
DA:4,1
DA:5,1
DA:6,1
DA:9,1
DA:13,0
DA:15,0
DA:17,0
DA:19,0
DA:21,0
DA:30,0
DA:31,0
DA:32,0
DA:41,0
DA:44,0
DA:45,0
DA:53,1
DA:54,0
DA:55,0
DA:57,0
DA:58,0
DA:61,0
DA:64,0
DA:65,0
DA:68,0
DA:71,0
DA:76,0
DA:77,0
DA:80,0
DA:83,0
DA:87,0
LF:33
LH:8
BRDA:13,0,0,0
BRDA:13,0,1,0
BRDA:13,1,0,0
BRDA:13,1,1,0
BRDA:57,2,0,0
BRDA:57,2,1,0
BRDA:64,3,0,0
BRDA:64,3,1,0
BRDA:76,4,0,0
BRDA:76,4,1,0
BRF:10
BRH:0
end_of_record
TN:
SF:controller\user.controller.js
FN:9,(anonymous_0)
FN:22,(anonymous_1)
FN:37,(anonymous_2)
FN:53,(anonymous_3)
FN:68,(anonymous_4)
FN:85,(anonymous_5)
FN:104,(anonymous_6)
FN:125,(anonymous_7)
FNF:8
FNH:2
FNDA:0,(anonymous_0)
FNDA:0,(anonymous_1)
FNDA:0,(anonymous_2)
FNDA:0,(anonymous_3)
FNDA:0,(anonymous_4)
FNDA:0,(anonymous_5)
FNDA:3,(anonymous_6)
FNDA:3,(anonymous_7)
DA:6,1
DA:7,1
DA:9,1
DA:11,0
DA:12,0
DA:14,0
DA:15,0
DA:19,0
DA:22,1
DA:24,0
DA:25,0
DA:29,0
DA:30,0
DA:34,0
DA:37,1
DA:39,0
DA:40,0
DA:45,0
DA:46,0
DA:50,0
DA:53,1
DA:55,0
DA:56,0
DA:60,0
DA:61,0
DA:65,0
DA:68,1
DA:70,0
DA:71,0
DA:75,0
DA:76,0
DA:80,0
DA:85,1
DA:87,0
DA:88,0
DA:89,0
DA:90,0
DA:91,0
DA:92,0
DA:93,0
DA:94,0
DA:95,0
DA:96,0
DA:97,0
DA:99,0
DA:101,0
DA:104,1
DA:105,3
DA:107,3
DA:108,3
DA:111,3
DA:112,2
DA:114,1
DA:119,1
DA:125,1
DA:126,3
DA:127,3
DA:128,3
DA:133,2
DA:134,1
DA:138,1
DA:143,1
DA:144,1
LF:63
LH:25
BRDA:90,0,0,0
BRDA:90,0,1,0
BRDA:92,1,0,0
BRDA:92,1,1,0
BRDA:92,2,0,0
BRDA:92,2,1,0
BRDA:94,3,0,0
BRDA:94,3,1,0
BRDA:96,4,0,0
BRDA:96,4,1,0
BRDA:111,5,0,2
BRDA:111,5,1,1
BRDA:133,6,0,1
BRDA:133,6,1,1
BRF:14
BRH:4
end_of_record
TN:
SF:model\user.model.js
FN:27,(anonymous_0)
FN:31,(anonymous_1)
FNF:2
FNH:0
FNDA:0,(anonymous_0)
FNDA:0,(anonymous_1)
DA:1,2
DA:3,2
DA:27,0
DA:31,0
DA:53,2
LF:5
LH:3
BRF:0
BRH:0
end_of_record
TN:
SF:tests\db.js
FN:6,(anonymous_0)
FN:19,(anonymous_1)
FN:25,(anonymous_2)
FNF:3
FNH:3
FNDA:1,(anonymous_0)
FNDA:1,(anonymous_1)
FNDA:6,(anonymous_2)
DA:1,1
DA:2,1
DA:6,1
DA:7,1
DA:8,1
DA:9,0
DA:10,0
DA:14,0
DA:19,1
DA:20,1
DA:21,0
DA:22,0
DA:25,1
DA:26,6
DA:27,6
DA:28,6
DA:29,6
DA:30,6
LF:18
LH:13
BRDA:7,0,0,1
BRDA:7,0,1,0
BRDA:22,1,0,0
BRDA:22,1,1,0
BRF:4
BRH:1
end_of_record
TN:
SF:tests\interceptor.js
FN:2,(anonymous_0)
FN:9,(anonymous_1)
FNF:2
FNH:2
FNDA:6,(anonymous_0)
FNDA:6,(anonymous_1)
DA:1,2
DA:3,6
DA:4,6
DA:5,6
DA:6,6
DA:10,6
DA:11,6
DA:12,6
DA:13,6
DA:14,6
LF:10
LH:10
BRF:0
BRH:0
end_of_record
TN:
SF:utils\constants.js
FNF:0
FNH:0
DA:1,1
LF:1
LH:1
BRF:0
BRH:0
end_of_record
TN:
SF:utils\objectConverter.js
FN:2,(anonymous_0)
FN:4,(anonymous_1)
FN:16,(anonymous_2)
FN:30,(anonymous_3)
FN:32,(anonymous_4)
FNF:5
FNH:2
FNDA:2,(anonymous_0)
FNDA:1,(anonymous_1)
FNDA:0,(anonymous_2)
FNDA:0,(anonymous_3)
FNDA:0,(anonymous_4)
DA:2,1
DA:3,2
DA:4,2
DA:5,1
DA:13,1
DA:16,1
DA:17,0
DA:30,1
DA:31,0
DA:32,0
DA:34,0
LF:11
LH:7
BRF:0
BRH:0
end_of_record
