{"E:\\backed devloper\\crm-app\\Testing-CRM-App-1\\config\\auth.config.js": {"path":"E:\\backed devloper\\crm-app\\Testing-CRM-App-1\\config\\auth.config.js","statementMap":{"0":{"start":{"line":1,"column":0},"end":{"line":3,"column":1}}},"fnMap":{},"branchMap":{},"s":{"0":1},"f":{},"b":{},"_coverageSchema":"1a1c01bbd47fc00a2c39e90264f33305004495a9","hash":"92e186c632c7b4a5b5830795cddc4b2806436ed3"}
,"E:\\backed devloper\\crm-app\\Testing-CRM-App-1\\controller\\auth.controller.js": {"path":"E:\\backed devloper\\crm-app\\Testing-CRM-App-1\\controller\\auth.controller.js","statementMap":{"0":{"start":{"line":1,"column":13},"end":{"line":1,"column":43}},"1":{"start":{"line":2,"column":22},"end":{"line":2,"column":51}},"2":{"start":{"line":3,"column":18},"end":{"line":3,"column":47}},"3":{"start":{"line":4,"column":15},"end":{"line":4,"column":34}},"4":{"start":{"line":5,"column":12},"end":{"line":5,"column":35}},"5":{"start":{"line":6,"column":15},"end":{"line":6,"column":47}},"6":{"start":{"line":10,"column":0},"end":{"line":50,"column":1}},"7":{"start":{"line":14,"column":8},"end":{"line":19,"column":9}},"8":{"start":{"line":16,"column":15},"end":{"line":16,"column":56}},"9":{"start":{"line":18,"column":12},"end":{"line":18,"column":54}},"10":{"start":{"line":20,"column":4},"end":{"line":20,"column":20}},"11":{"start":{"line":22,"column":21},"end":{"line":29,"column":5}},"12":{"start":{"line":31,"column":4},"end":{"line":49,"column":5}},"13":{"start":{"line":32,"column":28},"end":{"line":32,"column":54}},"14":{"start":{"line":33,"column":29},"end":{"line":41,"column":9}},"15":{"start":{"line":42,"column":8},"end":{"line":42,"column":42}},"16":{"start":{"line":45,"column":8},"end":{"line":45,"column":68}},"17":{"start":{"line":46,"column":8},"end":{"line":48,"column":10}},"18":{"start":{"line":54,"column":0},"end":{"line":96,"column":1}},"19":{"start":{"line":55,"column":17},"end":{"line":55,"column":64}},"20":{"start":{"line":56,"column":4},"end":{"line":56,"column":43}},"21":{"start":{"line":58,"column":4},"end":{"line":63,"column":5}},"22":{"start":{"line":59,"column":8},"end":{"line":61,"column":10}},"23":{"start":{"line":62,"column":8},"end":{"line":62,"column":14}},"24":{"start":{"line":65,"column":4},"end":{"line":70,"column":5}},"25":{"start":{"line":66,"column":8},"end":{"line":68,"column":10}},"26":{"start":{"line":69,"column":8},"end":{"line":69,"column":14}},"27":{"start":{"line":72,"column":26},"end":{"line":75,"column":5}},"28":{"start":{"line":77,"column":4},"end":{"line":82,"column":5}},"29":{"start":{"line":78,"column":8},"end":{"line":80,"column":10}},"30":{"start":{"line":81,"column":8},"end":{"line":81,"column":14}},"31":{"start":{"line":84,"column":16},"end":{"line":86,"column":6}},"32":{"start":{"line":88,"column":4},"end":{"line":95,"column":6}}},"fnMap":{"0":{"name":"(anonymous_0)","decl":{"start":{"line":10,"column":17},"end":{"line":10,"column":18}},"loc":{"start":{"line":10,"column":35},"end":{"line":50,"column":1}},"line":10},"1":{"name":"(anonymous_1)","decl":{"start":{"line":54,"column":17},"end":{"line":54,"column":18}},"loc":{"start":{"line":54,"column":37},"end":{"line":96,"column":1}},"line":54}},"branchMap":{"0":{"loc":{"start":{"line":14,"column":8},"end":{"line":19,"column":9}},"type":"if","locations":[{"start":{"line":14,"column":8},"end":{"line":19,"column":9}},{"start":{"line":17,"column":13},"end":{"line":19,"column":9}}],"line":14},"1":{"loc":{"start":{"line":14,"column":11},"end":{"line":15,"column":57}},"type":"binary-expr","locations":[{"start":{"line":14,"column":11},"end":{"line":14,"column":60}},{"start":{"line":15,"column":11},"end":{"line":15,"column":57}}],"line":14},"2":{"loc":{"start":{"line":58,"column":4},"end":{"line":63,"column":5}},"type":"if","locations":[{"start":{"line":58,"column":4},"end":{"line":63,"column":5}},{"start":{},"end":{}}],"line":58},"3":{"loc":{"start":{"line":65,"column":4},"end":{"line":70,"column":5}},"type":"if","locations":[{"start":{"line":65,"column":4},"end":{"line":70,"column":5}},{"start":{},"end":{}}],"line":65},"4":{"loc":{"start":{"line":77,"column":4},"end":{"line":82,"column":5}},"type":"if","locations":[{"start":{"line":77,"column":4},"end":{"line":82,"column":5}},{"start":{},"end":{}}],"line":77}},"s":{"0":1,"1":1,"2":1,"3":1,"4":1,"5":1,"6":1,"7":2,"8":1,"9":1,"10":2,"11":2,"12":2,"13":2,"14":1,"15":1,"16":1,"17":1,"18":1,"19":4,"20":4,"21":4,"22":1,"23":1,"24":3,"25":1,"26":1,"27":2,"28":2,"29":1,"30":1,"31":1,"32":1},"f":{"0":2,"1":4},"b":{"0":[1,1],"1":[2,1],"2":[1,3],"3":[1,2],"4":[1,1]},"_coverageSchema":"1a1c01bbd47fc00a2c39e90264f33305004495a9","hash":"7b4fa0f7a3bd22e9bbb59fabf2c15bb504ae937f"}
,"E:\\backed devloper\\crm-app\\Testing-CRM-App-1\\model\\user.model.js": {"path":"E:\\backed devloper\\crm-app\\Testing-CRM-App-1\\model\\user.model.js","statementMap":{"0":{"start":{"line":1,"column":17},"end":{"line":1,"column":36}},"1":{"start":{"line":3,"column":19},"end":{"line":51,"column":2}},"2":{"start":{"line":27,"column":23},"end":{"line":27,"column":33}},"3":{"start":{"line":31,"column":23},"end":{"line":31,"column":33}},"4":{"start":{"line":53,"column":0},"end":{"line":53,"column":51}}},"fnMap":{"0":{"name":"(anonymous_0)","decl":{"start":{"line":27,"column":17},"end":{"line":27,"column":18}},"loc":{"start":{"line":27,"column":23},"end":{"line":27,"column":33}},"line":27},"1":{"name":"(anonymous_1)","decl":{"start":{"line":31,"column":17},"end":{"line":31,"column":18}},"loc":{"start":{"line":31,"column":23},"end":{"line":31,"column":33}},"line":31}},"branchMap":{},"s":{"0":1,"1":1,"2":1,"3":1,"4":1},"f":{"0":1,"1":1},"b":{},"_coverageSchema":"1a1c01bbd47fc00a2c39e90264f33305004495a9","hash":"9ca4fd1c99213a378ac53856ec3b43aad1c5981a"}
,"E:\\backed devloper\\crm-app\\Testing-CRM-App-1\\tests\\db.js": {"path":"E:\\backed devloper\\crm-app\\Testing-CRM-App-1\\tests\\db.js","statementMap":{"0":{"start":{"line":1,"column":30},"end":{"line":1,"column":62}},"1":{"start":{"line":2,"column":17},"end":{"line":2,"column":36}},"2":{"start":{"line":6,"column":0},"end":{"line":17,"column":1}},"3":{"start":{"line":7,"column":4},"end":{"line":16,"column":5}},"4":{"start":{"line":8,"column":8},"end":{"line":8,"column":49}},"5":{"start":{"line":9,"column":20},"end":{"line":9,"column":35}},"6":{"start":{"line":10,"column":28},"end":{"line":13,"column":9}},"7":{"start":{"line":14,"column":8},"end":{"line":14,"column":48}},"8":{"start":{"line":19,"column":0},"end":{"line":23,"column":5}},"9":{"start":{"line":20,"column":8},"end":{"line":20,"column":48}},"10":{"start":{"line":21,"column":8},"end":{"line":21,"column":41}},"11":{"start":{"line":22,"column":8},"end":{"line":22,"column":39}},"12":{"start":{"line":22,"column":20},"end":{"line":22,"column":39}},"13":{"start":{"line":25,"column":0},"end":{"line":32,"column":1}},"14":{"start":{"line":26,"column":24},"end":{"line":26,"column":61}},"15":{"start":{"line":27,"column":4},"end":{"line":31,"column":5}},"16":{"start":{"line":28,"column":8},"end":{"line":28,"column":25}},"17":{"start":{"line":29,"column":27},"end":{"line":29,"column":44}},"18":{"start":{"line":30,"column":8},"end":{"line":30,"column":37}}},"fnMap":{"0":{"name":"(anonymous_0)","decl":{"start":{"line":6,"column":18},"end":{"line":6,"column":19}},"loc":{"start":{"line":6,"column":30},"end":{"line":17,"column":1}},"line":6},"1":{"name":"(anonymous_1)","decl":{"start":{"line":19,"column":24},"end":{"line":19,"column":25}},"loc":{"start":{"line":19,"column":36},"end":{"line":23,"column":5}},"line":19},"2":{"name":"(anonymous_2)","decl":{"start":{"line":25,"column":24},"end":{"line":25,"column":25}},"loc":{"start":{"line":25,"column":36},"end":{"line":32,"column":1}},"line":25}},"branchMap":{"0":{"loc":{"start":{"line":7,"column":4},"end":{"line":16,"column":5}},"type":"if","locations":[{"start":{"line":7,"column":4},"end":{"line":16,"column":5}},{"start":{},"end":{}}],"line":7},"1":{"loc":{"start":{"line":22,"column":8},"end":{"line":22,"column":39}},"type":"if","locations":[{"start":{"line":22,"column":8},"end":{"line":22,"column":39}},{"start":{},"end":{}}],"line":22}},"s":{"0":1,"1":1,"2":1,"3":1,"4":1,"5":1,"6":1,"7":1,"8":1,"9":1,"10":1,"11":1,"12":1,"13":1,"14":6,"15":6,"16":6,"17":6,"18":6},"f":{"0":1,"1":1,"2":6},"b":{"0":[1,0],"1":[1,0]},"_coverageSchema":"1a1c01bbd47fc00a2c39e90264f33305004495a9","hash":"804dedff6fdd847b6013625c7f2159f966816647"}
,"E:\\backed devloper\\crm-app\\Testing-CRM-App-1\\tests\\interceptor.js": {"path":"E:\\backed devloper\\crm-app\\Testing-CRM-App-1\\tests\\interceptor.js","statementMap":{"0":{"start":{"line":1,"column":0},"end":{"line":16,"column":1}},"1":{"start":{"line":3,"column":20},"end":{"line":3,"column":22}},"2":{"start":{"line":4,"column":8},"end":{"line":4,"column":49}},"3":{"start":{"line":5,"column":8},"end":{"line":5,"column":51}},"4":{"start":{"line":6,"column":8},"end":{"line":6,"column":18}},"5":{"start":{"line":10,"column":20},"end":{"line":10,"column":22}},"6":{"start":{"line":11,"column":8},"end":{"line":11,"column":49}},"7":{"start":{"line":12,"column":8},"end":{"line":12,"column":51}},"8":{"start":{"line":13,"column":8},"end":{"line":13,"column":49}},"9":{"start":{"line":14,"column":8},"end":{"line":14,"column":18}}},"fnMap":{"0":{"name":"(anonymous_0)","decl":{"start":{"line":2,"column":17},"end":{"line":2,"column":18}},"loc":{"start":{"line":2,"column":23},"end":{"line":7,"column":5}},"line":2},"1":{"name":"(anonymous_1)","decl":{"start":{"line":9,"column":18},"end":{"line":9,"column":19}},"loc":{"start":{"line":9,"column":24},"end":{"line":15,"column":5}},"line":9}},"branchMap":{},"s":{"0":1,"1":6,"2":6,"3":6,"4":6,"5":6,"6":6,"7":6,"8":6,"9":6},"f":{"0":6,"1":6},"b":{},"_coverageSchema":"1a1c01bbd47fc00a2c39e90264f33305004495a9","hash":"f2f1dcd4c7dc01a41f0e16cf5b7506c3d8f6ed5b"}
,"E:\\backed devloper\\crm-app\\Testing-CRM-App-1\\utils\\constants.js": {"path":"E:\\backed devloper\\crm-app\\Testing-CRM-App-1\\utils\\constants.js","statementMap":{"0":{"start":{"line":1,"column":0},"end":{"line":18,"column":1}}},"fnMap":{},"branchMap":{},"s":{"0":1},"f":{},"b":{},"_coverageSchema":"1a1c01bbd47fc00a2c39e90264f33305004495a9","hash":"1b5666f6603db0e0462965345a6fedae04e3763b"}
}
