TN:
SF:config\auth.config.js
FNF:0
FNH:0
DA:1,1
LF:1
LH:1
BRF:0
BRH:0
end_of_record
TN:
SF:controller\auth.controller.js
FN:10,(anonymous_0)
FN:54,(anonymous_1)
FNF:2
FNH:2
FNDA:2,(anonymous_0)
FNDA:4,(anonymous_1)
DA:1,1
DA:2,1
DA:3,1
DA:4,1
DA:5,1
DA:6,1
DA:10,1
DA:14,2
DA:16,1
DA:18,1
DA:20,2
DA:22,2
DA:31,2
DA:32,2
DA:33,1
DA:42,1
DA:45,1
DA:46,1
DA:54,1
DA:55,4
DA:56,4
DA:58,4
DA:59,1
DA:62,1
DA:65,3
DA:66,1
DA:69,1
DA:72,2
DA:77,2
DA:78,1
DA:81,1
DA:84,1
DA:88,1
LF:33
LH:33
BRDA:14,0,0,1
BRDA:14,0,1,1
BRDA:14,1,0,2
BRDA:14,1,1,1
BRDA:58,2,0,1
BRDA:58,2,1,3
BRDA:65,3,0,1
BRDA:65,3,1,2
BRDA:77,4,0,1
BRDA:77,4,1,1
BRF:10
BRH:10
end_of_record
TN:
SF:model\user.model.js
FN:27,(anonymous_0)
FN:31,(anonymous_1)
FNF:2
FNH:2
FNDA:1,(anonymous_0)
FNDA:1,(anonymous_1)
DA:1,1
DA:3,1
DA:27,1
DA:31,1
DA:53,1
LF:5
LH:5
BRF:0
BRH:0
end_of_record
TN:
SF:tests\db.js
FN:6,(anonymous_0)
FN:19,(anonymous_1)
FN:25,(anonymous_2)
FNF:3
FNH:3
FNDA:1,(anonymous_0)
FNDA:1,(anonymous_1)
FNDA:6,(anonymous_2)
DA:1,1
DA:2,1
DA:6,1
DA:7,1
DA:8,1
DA:9,1
DA:10,1
DA:14,1
DA:19,1
DA:20,1
DA:21,1
DA:22,1
DA:25,1
DA:26,6
DA:27,6
DA:28,6
DA:29,6
DA:30,6
LF:18
LH:18
BRDA:7,0,0,1
BRDA:7,0,1,0
BRDA:22,1,0,1
BRDA:22,1,1,0
BRF:4
BRH:2
end_of_record
TN:
SF:tests\interceptor.js
FN:2,(anonymous_0)
FN:9,(anonymous_1)
FNF:2
FNH:2
FNDA:6,(anonymous_0)
FNDA:6,(anonymous_1)
DA:1,1
DA:3,6
DA:4,6
DA:5,6
DA:6,6
DA:10,6
DA:11,6
DA:12,6
DA:13,6
DA:14,6
LF:10
LH:10
BRF:0
BRH:0
end_of_record
TN:
SF:utils\constants.js
FNF:0
FNH:0
DA:1,1
LF:1
LH:1
BRF:0
BRH:0
end_of_record
